427331
330333
Traceback (most recent call last):
  File "get_articles_wyborcza_gazeta.py", line 134, in <module>
    driver.close()
  File "/root/anaconda3/lib/python3.7/site-packages/selenium/webdriver/remote/webdriver.py", line 688, in close
    self.execute(Command.CLOSE)
  File "/root/anaconda3/lib/python3.7/site-packages/selenium/webdriver/remote/webdriver.py", line 321, in execute
    self.error_handler.check_response(response)
  File "/root/anaconda3/lib/python3.7/site-packages/selenium/webdriver/remote/errorhandler.py", line 242, in check_response
    raise exception_class(message, screen, stacktrace)
selenium.common.exceptions.WebDriverException: Message: chrome not reachable
  (Session info: headless chrome=73.0.3683.75)
  (Driver info: chromedriver=73.0.3683.68 (47787ec04b6e38e22703e856e101e840b65afe72),platform=Linux 4.9.0-11-amd64 x86_64)

0.0
s%B1d+najwy%BFszy
428.57
premier
777.78
prezydent
937.5
opozycja
103166.67
rz%B1d
249975.0
sejm
('Connection aborted.', ConnectionResetError(104, 'Connection reset by peer'))
127933.33
polska
('Connection aborted.', ConnectionResetError(104, 'Connection reset by peer'))
('Connection aborted.', ConnectionResetError(104, 'Connection reset by peer'))
('Connection aborted.', ConnectionResetError(104, 'Connection reset by peer'))
199980.0
putin
43700.0
trump
13142.86
ukraina
136180.0
media
249975.0
bank
166650.0
polska
166650.0
niemcy
124987.5
papie%BF
25361.54
ko%B6ci%F3%B3
166650.0
korwin
11533.33
rydzyk
10000.0
feminizm
2561.54
leszek+miller
Traceback (most recent call last):
  File "get_urls_wyborcza_and_gazeta.py", line 22, in <module>
    if keyword not in done:
ZeroDivisionError: division by zero
